[    0.000000] Linux version 4.15.0-54-generic (buildd@lgw01-amd64-014) (gcc version 7.4.0 (Ubuntu 7.4.0-1ubuntu1~18.04.1)) #58-Ubuntu SMP Mon Jun 24 10:55:24 UTC 2019 (Ubuntu 4.15.0-54.58-generic 4.15.18)
[    0.000000] Command line: BOOT_IMAGE=/boot/vmlinuz-4.15.0-54-generic root=LABEL=cloudimg-rootfs ro console=tty1 console=ttyS0
[    0.000000] KERNEL supported cpus:
[    0.000000]   Intel GenuineIntel
[    0.000000]   AMD AuthenticAMD
[    0.000000]   Centaur CentaurHauls
[    0.000000] x86/fpu: Supporting XSAVE feature 0x001: 'x87 floating point registers'
[    0.000000] x86/fpu: Supporting XSAVE feature 0x002: 'SSE registers'
[    0.000000] x86/fpu: Supporting XSAVE feature 0x004: 'AVX registers'
[    0.000000] x86/fpu: xstate_offset[2]:  576, xstate_sizes[2]:  256
[    0.000000] x86/fpu: Enabled xstate features 0x7, context size is 832 bytes, using 'standard' format.
[    0.000000] e820: BIOS-provided physical RAM map:
[    0.000000] BIOS-e820: [mem 0x0000000000000000-0x000000000009fbff] usable
[    0.000000] BIOS-e820: [mem 0x000000000009fc00-0x000000000009ffff] reserved
[    0.000000] BIOS-e820: [mem 0x00000000000f0000-0x00000000000fffff] reserved
[    0.000000] BIOS-e820: [mem 0x0000000000100000-0x000000003ffeffff] usable
[    0.000000] BIOS-e820: [mem 0x000000003fff0000-0x000000003fffffff] ACPI data
[    0.000000] BIOS-e820: [mem 0x00000000fec00000-0x00000000fec00fff] reserved
[    0.000000] BIOS-e820: [mem 0x00000000fee00000-0x00000000fee00fff] reserved
[    0.000000] BIOS-e820: [mem 0x00000000fffc0000-0x00000000ffffffff] reserved
[    0.000000] NX (Execute Disable) protection: active
[    0.000000] SMBIOS 2.5 present.
[    0.000000] DMI: innotek GmbH VirtualBox/VirtualBox, BIOS VirtualBox 12/01/2006
[    0.000000] Hypervisor detected: KVM
[    0.000000] e820: last_pfn = 0x3fff0 max_arch_pfn = 0x400000000
[    0.000000] MTRR: Disabled
[    0.000000] x86/PAT: MTRRs disabled, skipping PAT initialization too.
[    0.000000] CPU MTRRs all blank - virtualized system.
[    0.000000] x86/PAT: Configuration [0-7]: WB  WT  UC- UC  WB  WT  UC- UC  
[    0.000000] found SMP MP-table at [mem 0x0009fff0-0x0009ffff] mapped at [        (ptrval)]
[    0.000000] Scanning 1 areas for low memory corruption
[    0.000000] RAMDISK: [mem 0x35a93000-0x36d40fff]
[    0.000000] ACPI: Early table checksum verification disabled
[    0.000000] ACPI: RSDP 0x00000000000E0000 000024 (v02 VBOX  )
[    0.000000] ACPI: XSDT 0x000000003FFF0030 00003C (v01 VBOX   VBOXXSDT 00000001 ASL  00000061)
[    0.000000] ACPI: FACP 0x000000003FFF00F0 0000F4 (v04 VBOX   VBOXFACP 00000001 ASL  00000061)
[    0.000000] ACPI: DSDT 0x000000003FFF0470 0022EA (v02 VBOX   VBOXBIOS 00000002 INTL 20100528)
[    0.000000] ACPI: FACS 0x000000003FFF0200 000040
[    0.000000] ACPI: FACS 0x000000003FFF0200 000040
[    0.000000] ACPI: APIC 0x000000003FFF0240 00005C (v02 VBOX   VBOXAPIC 00000001 ASL  00000061)
[    0.000000] ACPI: SSDT 0x000000003FFF02A0 0001CC (v01 VBOX   VBOXCPUT 00000002 INTL 20100528)
[    0.000000] No NUMA configuration found
[    0.000000] Faking a node at [mem 0x0000000000000000-0x000000003ffeffff]
[    0.000000] NODE_DATA(0) allocated [mem 0x3ffc5000-0x3ffeffff]
[    0.000000] kvm-clock: cpu 0, msr 0:3ff44001, primary cpu clock
[    0.000000] kvm-clock: Using msrs 4b564d01 and 4b564d00
[    0.000000] kvm-clock: using sched offset of 3457515876 cycles
[    0.000000] clocksource: kvm-clock: mask: 0xffffffffffffffff max_cycles: 0x1cd42e4dffb, max_idle_ns: 881590591483 ns
[    0.000000] Zone ranges:
[    0.000000]   DMA      [mem 0x0000000000001000-0x0000000000ffffff]
[    0.000000]   DMA32    [mem 0x0000000001000000-0x000000003ffeffff]
[    0.000000]   Normal   empty
[    0.000000]   Device   empty
[    0.000000] Movable zone start for each node
[    0.000000] Early memory node ranges
[    0.000000]   node   0: [mem 0x0000000000001000-0x000000000009efff]
[    0.000000]   node   0: [mem 0x0000000000100000-0x000000003ffeffff]
[    0.000000] Reserved but unavailable: 114 pages
[    0.000000] Initmem setup node 0 [mem 0x0000000000001000-0x000000003ffeffff]
[    0.000000] ACPI: PM-Timer IO Port: 0x4008
[    0.000000] IOAPIC[0]: apic_id 2, version 32, address 0xfec00000, GSI 0-23
[    0.000000] ACPI: INT_SRC_OVR (bus 0 bus_irq 0 global_irq 2 dfl dfl)
[    0.000000] ACPI: INT_SRC_OVR (bus 0 bus_irq 9 global_irq 9 low level)
[    0.000000] Using ACPI (MADT) for SMP configuration information
[    0.000000] smpboot: Allowing 2 CPUs, 0 hotplug CPUs
[    0.000000] PM: Registered nosave memory: [mem 0x00000000-0x00000fff]
[    0.000000] PM: Registered nosave memory: [mem 0x0009f000-0x0009ffff]
[    0.000000] PM: Registered nosave memory: [mem 0x000a0000-0x000effff]
[    0.000000] PM: Registered nosave memory: [mem 0x000f0000-0x000fffff]
[    0.000000] e820: [mem 0x40000000-0xfebfffff] available for PCI devices
[    0.000000] Booting paravirtualized kernel on KVM
[    0.000000] clocksource: refined-jiffies: mask: 0xffffffff max_cycles: 0xffffffff, max_idle_ns: 7645519600211568 ns
[    0.000000] random: get_random_bytes called from start_kernel+0x99/0x4fd with crng_init=0
[    0.000000] setup_percpu: NR_CPUS:8192 nr_cpumask_bits:2 nr_cpu_ids:2 nr_node_ids:1
[    0.000000] percpu: Embedded 46 pages/cpu @        (ptrval) s151552 r8192 d28672 u1048576
[    0.000000] PV qspinlock hash table entries: 256 (order: 0, 4096 bytes)
[    0.000000] Built 1 zonelists, mobility grouping on.  Total pages: 257913
[    0.000000] Policy zone: DMA32
[    0.000000] Kernel command line: BOOT_IMAGE=/boot/vmlinuz-4.15.0-54-generic root=LABEL=cloudimg-rootfs ro console=tty1 console=ttyS0
[    0.000000] Memory: 983456K/1048120K available (12300K kernel code, 2473K rwdata, 4272K rodata, 2408K init, 2416K bss, 64664K reserved, 0K cma-reserved)
[    0.000000] SLUB: HWalign=64, Order=0-3, MinObjects=0, CPUs=2, Nodes=1
[    0.000000] Kernel/User page tables isolation: enabled
[    0.000000] ftrace: allocating 39216 entries in 154 pages
[    0.004000] Hierarchical RCU implementation.
[    0.004000] 	RCU restricting CPUs from NR_CPUS=8192 to nr_cpu_ids=2.
[    0.004000] 	Tasks RCU enabled.
[    0.004000] RCU: Adjusting geometry for rcu_fanout_leaf=16, nr_cpu_ids=2
[    0.004000] NR_IRQS: 524544, nr_irqs: 440, preallocated irqs: 16
[    0.004000] Console: colour VGA+ 80x25
[    0.004000] console [tty1] enabled
[    0.004000] console [ttyS0] enabled
[    0.004000] ACPI: Core revision 20170831
[    0.004000] ACPI: 2 ACPI AML tables successfully acquired and loaded
[    0.004000] APIC: Switch to symmetric I/O mode setup
[    0.004000] x2apic enabled
[    0.004000] Switched APIC routing to physical x2apic.
[    0.004000] ..TIMER: vector=0x30 apic1=0 pin1=2 apic2=-1 pin2=-1
[    0.004003] tsc: Detected 2208.000 MHz processor
[    0.004894] Calibrating delay loop (skipped) preset value.. 4416.00 BogoMIPS (lpj=8832000)
[    0.005590] pid_max: default: 32768 minimum: 301
[    0.006480] Security Framework initialized
[    0.008002] Yama: becoming mindful.
[    0.008791] AppArmor: AppArmor initialized
[    0.010761] Dentry cache hash table entries: 131072 (order: 8, 1048576 bytes)
[    0.012043] Inode-cache hash table entries: 65536 (order: 7, 524288 bytes)
[    0.013312] Mount-cache hash table entries: 2048 (order: 2, 16384 bytes)
[    0.014591] Mountpoint-cache hash table entries: 2048 (order: 2, 16384 bytes)
[    0.016178] mce: CPU supports 0 MCE banks
[    0.017014] Last level iTLB entries: 4KB 64, 2MB 8, 4MB 8
[    0.018016] Last level dTLB entries: 4KB 64, 2MB 0, 4MB 0, 1GB 4
[    0.019121] Spectre V2 : Mitigation: Full generic retpoline
[    0.020001] Spectre V2 : Spectre v2 / SpectreRSB mitigation: Filling RSB on context switch
[    0.021535] Speculative Store Bypass: Vulnerable
[    0.022504] MDS: Mitigation: Clear CPU buffers
[    0.024070] Freeing SMP alternatives memory: 36K
[    0.028000] smpboot: CPU0: Intel(R) Core(TM) i7-8750H CPU @ 2.20GHz (family: 0x6, model: 0x9e, stepping: 0xa)
[    0.028000] Performance Events: unsupported p6 CPU model 158 no PMU driver, software events only.
[    0.028026] Hierarchical SRCU implementation.
[    0.029313] NMI watchdog: Perf event create on CPU 0 failed with -2
[    0.030438] NMI watchdog: Perf NMI watchdog permanently disabled
[    0.032032] smp: Bringing up secondary CPUs ...
[    0.033631] x86: Booting SMP configuration:
[    0.034772] .... node  #0, CPUs:      #1
[    0.004000] kvm-clock: cpu 1, msr 0:3ff44041, secondary cpu clock
[    0.004000] mce: CPU supports 0 MCE banks
[    0.040019] smp: Brought up 1 node, 2 CPUs
[    0.040848] smpboot: Max logical packages: 1
[    0.041634] smpboot: Total of 2 processors activated (8832.00 BogoMIPS)
[    0.044040] devtmpfs: initialized
[    0.045113] x86/mm: Memory block size: 128MB
[    0.046210] evm: security.selinux
[    0.047026] evm: security.SMACK64
[    0.048002] evm: security.SMACK64EXEC
[    0.049026] evm: security.SMACK64TRANSMUTE
[    0.049782] evm: security.SMACK64MMAP
[    0.050469] evm: security.apparmor
[    0.051113] evm: security.ima
[    0.051684] evm: security.capability
[    0.052062] clocksource: jiffies: mask: 0xffffffff max_cycles: 0xffffffff, max_idle_ns: 7645041785100000 ns
[    0.053788] futex hash table entries: 512 (order: 3, 32768 bytes)
[    0.054945] pinctrl core: initialized pinctrl subsystem
[    0.057140] RTC time: 19:01:42, date: 09/24/19
[    0.058251] NET: Registered protocol family 16
[    0.060053] audit: initializing netlink subsys (disabled)
[    0.061079] audit: type=2000 audit(1569351707.672:1): state=initialized audit_enabled=0 res=1
[    0.061564] cpuidle: using governor ladder
[    0.061564] cpuidle: using governor menu
[    0.064026] ACPI: bus type PCI registered
[    0.064971] acpiphp: ACPI Hot Plug PCI Controller Driver version: 0.5
[    0.066426] PCI: Using configuration type 1 for base access
[    0.068485] HugeTLB registered 2.00 MiB page size, pre-allocated 0 pages
[    0.069245] ACPI: Added _OSI(Module Device)
[    0.069245] ACPI: Added _OSI(Processor Device)
[    0.069660] ACPI: Added _OSI(3.0 _SCP Extensions)
[    0.072002] ACPI: Added _OSI(Processor Aggregator Device)
[    0.073099] ACPI: Added _OSI(Linux-Dell-Video)
[    0.073911] ACPI: Added _OSI(Linux-Lenovo-NV-HDMI-Audio)
[    0.074867] ACPI: Added _OSI(Linux-HPI-Hybrid-Graphics)
[    0.076345] ACPI: Executed 1 blocks of module-level executable AML code
[    0.080299] ACPI: Interpreter enabled
[    0.081132] ACPI: (supports S0 S5)
[    0.081778] ACPI: Using IOAPIC for interrupt routing
[    0.082918] PCI: Using host bridge windows from ACPI; if necessary, use "pci=nocrs" and report a bug
[    0.084300] ACPI: Enabled 2 GPEs in block 00 to 07
[    0.093082] ACPI: PCI Root Bridge [PCI0] (domain 0000 [bus 00-ff])
[    0.094673] acpi PNP0A03:00: _OSC: OS supports [ASPM ClockPM Segments MSI]
[    0.096000] acpi PNP0A03:00: _OSC: not requesting OS control; OS requires [ExtendedConfig ASPM ClockPM MSI]
[    0.096009] acpi PNP0A03:00: fail to add MMCONFIG information, can't access extended PCI configuration space under this bridge.
[    0.100330] PCI host bridge to bus 0000:00
[    0.101100] pci_bus 0000:00: root bus resource [io  0x0000-0x0cf7 window]
[    0.102333] pci_bus 0000:00: root bus resource [io  0x0d00-0xffff window]
[    0.104003] pci_bus 0000:00: root bus resource [mem 0x000a0000-0x000bffff window]
[    0.105373] pci_bus 0000:00: root bus resource [mem 0x40000000-0xfdffffff window]
[    0.106720] pci_bus 0000:00: root bus resource [bus 00-ff]
[    0.110528] pci 0000:00:01.1: legacy IDE quirk: reg 0x10: [io  0x01f0-0x01f7]
[    0.112002] pci 0000:00:01.1: legacy IDE quirk: reg 0x14: [io  0x03f6]
[    0.113472] pci 0000:00:01.1: legacy IDE quirk: reg 0x18: [io  0x0170-0x0177]
[    0.115322] pci 0000:00:01.1: legacy IDE quirk: reg 0x1c: [io  0x0376]
[    0.129901] pci 0000:00:07.0: quirk: [io  0x4000-0x403f] claimed by PIIX4 ACPI
[    0.131482] pci 0000:00:07.0: quirk: [io  0x4100-0x410f] claimed by PIIX4 SMB
[    0.138743] ACPI: PCI Interrupt Link [LNKA] (IRQs 5 9 10 *11)
[    0.140076] ACPI: PCI Interrupt Link [LNKB] (IRQs 5 9 *10 11)
[    0.141430] ACPI: PCI Interrupt Link [LNKC] (IRQs 5 *9 10 11)
[    0.142628] ACPI: PCI Interrupt Link [LNKD] (IRQs 5 9 10 *11)
[    0.143994] SCSI subsystem initialized
[    0.144037] pci 0000:00:02.0: vgaarb: setting as boot VGA device
[    0.145827] pci 0000:00:02.0: vgaarb: VGA device added: decodes=io+mem,owns=io+mem,locks=none
[    0.148006] pci 0000:00:02.0: vgaarb: bridge control possible
[    0.149388] vgaarb: loaded
[    0.149950] ACPI: bus type USB registered
[    0.150733] usbcore: registered new interface driver usbfs
[    0.152007] usbcore: registered new interface driver hub
[    0.153035] usbcore: registered new device driver usb
[    0.154415] EDAC MC: Ver: 3.0.0
[    0.154415] PCI: Using ACPI for IRQ routing
[    0.156300] NetLabel: Initializing
[    0.156971] NetLabel:  domain hash size = 128
[    0.157827] NetLabel:  protocols = UNLABELED CIPSOv4 CALIPSO
[    0.158884] NetLabel:  unlabeled traffic allowed by default
[    0.160055] clocksource: Switched to clocksource kvm-clock
[    0.171037] VFS: Disk quotas dquot_6.6.0
[    0.172296] VFS: Dquot-cache hash table entries: 512 (order 0, 4096 bytes)
[    0.173624] AppArmor: AppArmor Filesystem Enabled
[    0.174535] pnp: PnP ACPI init
[    0.176398] pnp: PnP ACPI: found 3 devices
[    0.185627] clocksource: acpi_pm: mask: 0xffffff max_cycles: 0xffffff, max_idle_ns: 2085701024 ns
[    0.188429] NET: Registered protocol family 2
[    0.190497] TCP established hash table entries: 8192 (order: 4, 65536 bytes)
[    0.191819] TCP bind hash table entries: 8192 (order: 5, 131072 bytes)
[    0.193054] TCP: Hash tables configured (established 8192 bind 8192)
[    0.194234] UDP hash table entries: 512 (order: 2, 16384 bytes)
[    0.195318] UDP-Lite hash table entries: 512 (order: 2, 16384 bytes)
[    0.196525] NET: Registered protocol family 1
[    0.197423] pci 0000:00:00.0: Limiting direct PCI/PCI transfers
[    0.198526] pci 0000:00:01.0: Activating ISA DMA hang workarounds
[    0.199698] pci 0000:00:02.0: Video device with shadowed ROM at [mem 0x000c0000-0x000dffff]
[    0.201474] Unpacking initramfs...
[    0.417520] Freeing initrd memory: 19128K
[    0.418510] clocksource: tsc: mask: 0xffffffffffffffff max_cycles: 0x1fd3b81b95f, max_idle_ns: 440795257325 ns
[    0.420888] platform rtc_cmos: registered platform RTC device (no PNP device found)
[    0.422344] Scanning for low memory corruption every 60 seconds
[    0.423915] Initialise system trusted keyrings
[    0.425209] Key type blacklist registered
[    0.426040] workingset: timestamp_bits=36 max_order=18 bucket_order=0
[    0.427948] zbud: loaded
[    0.428944] squashfs: version 4.0 (2009/01/31) Phillip Lougher
[    0.430173] fuse init (API version 7.26)
[    0.432759] Key type asymmetric registered
[    0.433546] Asymmetric key parser 'x509' registered
[    0.434486] Block layer SCSI generic (bsg) driver version 0.4 loaded (major 246)
[    0.435969] io scheduler noop registered
[    0.436751] io scheduler deadline registered
[    0.437578] io scheduler cfq registered (default)
[    0.438818] ACPI: AC Adapter [AC] (off-line)
[    0.440045] input: Power Button as /devices/LNXSYSTM:00/LNXPWRBN:00/input/input0
[    0.441976] ACPI: Power Button [PWRF]
[    0.442749] input: Sleep Button as /devices/LNXSYSTM:00/LNXSLPBN:00/input/input1
[    0.444188] ACPI: Sleep Button [SLPF]
[    0.446476] ACPI: Battery Slot [BAT0] (battery present)
[    0.448077] Serial: 8250/16550 driver, 32 ports, IRQ sharing enabled
[    0.471157] 00:02: ttyS0 at I/O 0x3f8 (irq = 4, base_baud = 115200) is a 16550A
[    0.475526] Linux agpgart interface v0.103
[    0.477501] loop: module loaded
[    0.478658] scsi host0: ata_piix
[    0.479511] scsi host1: ata_piix
[    0.480495] ata1: PATA max UDMA/33 cmd 0x1f0 ctl 0x3f6 bmdma 0xd000 irq 14
[    0.481763] ata2: PATA max UDMA/33 cmd 0x170 ctl 0x376 bmdma 0xd008 irq 15
[    0.483375] libphy: Fixed MDIO Bus: probed
[    0.484192] tun: Universal TUN/TAP device driver, 1.6
[    0.485335] PPP generic driver version 2.4.2
[    0.486197] ehci_hcd: USB 2.0 'Enhanced' Host Controller (EHCI) Driver
[    0.487393] ehci-pci: EHCI PCI platform driver
[    0.488289] ehci-platform: EHCI generic platform driver
[    0.489271] ohci_hcd: USB 1.1 'Open' Host Controller (OHCI) Driver
[    0.490416] ohci-pci: OHCI PCI platform driver
[    0.491263] ohci-platform: OHCI generic platform driver
[    0.492344] uhci_hcd: USB Universal Host Controller Interface driver
[    0.493948] i8042: PNP: PS/2 Controller [PNP0303:PS2K,PNP0f03:PS2M] at 0x60,0x64 irq 1,12
[    0.496345] serio: i8042 KBD port at 0x60,0x64 irq 1
[    0.497739] serio: i8042 AUX port at 0x60,0x64 irq 12
[    0.499068] mousedev: PS/2 mouse device common for all mice
[    0.500743] rtc_cmos rtc_cmos: rtc core: registered rtc_cmos as rtc0
[    0.502391] rtc_cmos rtc_cmos: alarms up to one day, 114 bytes nvram
[    0.503591] i2c /dev entries driver
[    0.504339] input: AT Translated Set 2 keyboard as /devices/platform/i8042/serio0/input/input2
[    0.506100] device-mapper: uevent: version 1.0.3
[    0.507089] device-mapper: ioctl: 4.37.0-ioctl (2017-09-20) initialised: dm-devel@redhat.com
[    0.509346] ledtrig-cpu: registered to indicate activity on CPUs
[    0.510714] NET: Registered protocol family 10
[    0.514486] Segment Routing with IPv6
[    0.515214] NET: Registered protocol family 17
[    0.516127] Key type dns_resolver registered
[    0.517130] RAS: Correctable Errors collector initialized.
[    0.518163] sched_clock: Marking stable (517103706, 0)->(774711151, -257607445)
[    0.519885] registered taskstats version 1
[    0.520727] Loading compiled-in X.509 certificates
[    0.523614] Loaded X.509 cert 'Build time autogenerated kernel key: 1cc14bc8298a06d551159822c55fa35abd77a621'
[    0.525972] zswap: loaded using pool lzo/zbud
[    0.529878] Key type big_key registered
[    0.530645] Key type trusted registered
[    0.532603] Key type encrypted registered
[    0.533375] AppArmor: AppArmor sha1 policy hashing enabled
[    0.534396] ima: No TPM chip found, activating TPM-bypass! (rc=-19)
[    0.535558] ima: Allocated hash algorithm: sha1
[    0.536470] evm: HMAC attrs: 0x1
[    0.537345]   Magic number: 3:799:41
[    0.538049] bdi 7:6: hash matches
[    0.538767] rtc_cmos rtc_cmos: setting system clock to 2019-09-24 19:01:43 UTC (1569351703)
[    0.540440] BIOS EDD facility v0.16 2004-Jun-25, 0 devices found
[    0.542118] EDD information not available.
[    0.648931] Freeing unused kernel image memory: 2408K
[    0.656191] Write protecting the kernel read-only data: 20480k
[    0.658638] Freeing unused kernel image memory: 2008K
[    0.660157] Freeing unused kernel image memory: 1872K
[    0.666968] x86/mm: Checked W+X mappings: passed, no W+X pages found.
[    0.669203] x86/mm: Checking user space page tables
[    0.675587] x86/mm: Checked W+X mappings: passed, no W+X pages found.
Loading, please wait...
starting version 237
[    0.735424] e1000: Intel(R) PRO/1000 Network Driver - version 7.3.21-k8-NAPI
[    0.736812] e1000: Copyright (c) 1999-2006 Intel Corporation.
[    0.738735] Fusion MPT base driver 3.04.20
[    0.739567] Copyright (c) 1999-2008 LSI Corporation
[    0.743796] Fusion MPT SPI Host driver 3.04.20
[    0.758717] AVX2 version of gcm_enc/dec engaged.
[    0.760051] AES CTR mode by8 optimization enabled
[    0.954865] input: ImExPS/2 Generic Explorer Mouse as /devices/platform/i8042/serio1/input/input4
[    1.141768] e1000 0000:00:03.0 eth0: (PCI:33MHz:32-bit) 02:a1:18:c3:c8:11
[    1.143681] e1000 0000:00:03.0 eth0: Intel(R) PRO/1000 Network Connection
[    1.146226] mptbase: ioc0: Initiating bringup
[    1.147968] e1000 0000:00:03.0 enp0s3: renamed from eth0
[    1.493518] ioc0: LSI53C1030 A0: Capabilities={Initiator}
[    3.143983] scsi host2: ioc0: LSI53C1030 A0, FwRev=00000000h, Ports=1, MaxQ=256, IRQ=20
[    3.937384] scsi 2:0:0:0: Direct-Access     VBOX     HARDDISK         1.0  PQ: 0 ANSI: 5
[    3.964115] scsi target2:0:0: Beginning Domain Validation
[    3.967801] scsi target2:0:0: Domain Validation skipping write tests
[    3.969430] scsi target2:0:0: Ending Domain Validation
[    3.970851] scsi target2:0:0: asynchronous
[    3.972516] scsi 2:0:1:0: Direct-Access     VBOX     HARDDISK         1.0  PQ: 0 ANSI: 5
[    4.004053] scsi target2:0:1: Beginning Domain Validation
[    4.006440] random: fast init done
[    4.007267] scsi target2:0:1: Domain Validation skipping write tests
[    4.008482] scsi target2:0:1: Ending Domain Validation
[    4.009522] scsi target2:0:1: asynchronous
[    4.013393] random: systemd-udevd: uninitialized urandom read (16 bytes read)
[    4.014940] random: systemd-udevd: uninitialized urandom read (16 bytes read)
[    4.016899] random: systemd-udevd: uninitialized urandom read (16 bytes read)
[    4.018656] sd 2:0:0:0: Attached scsi generic sg0 type 0
[    4.019939] sd 2:0:0:0: [sda] 20971520 512-byte logical blocks: (10.7 GB/10.0 GiB)
[    4.021701] sd 2:0:0:0: [sda] Write Protect is off
[    4.023257] sd 2:0:0:0: [sda] Incomplete mode parameter data
[    4.024402] sd 2:0:0:0: [sda] Assuming drive cache: write through
[    4.025924] sd 2:0:1:0: Attached scsi generic sg1 type 0
[    4.027675] sd 2:0:1:0: [sdb] 20480 512-byte logical blocks: (10.5 MB/10.0 MiB)
[    4.029384] sd 2:0:1:0: [sdb] Write Protect is off
[    4.030897] sd 2:0:1:0: [sdb] Incomplete mode parameter data
[    4.032214] sd 2:0:1:0: [sdb] Assuming drive cache: write through
[    4.032581]  sda: sda1
[    4.035246] sd 2:0:0:0: [sda] Attached SCSI disk
[    4.037368] sd 2:0:1:0: [sdb] Attached SCSI disk
Begin: Loading essential drivers ... [    5.376490] raid6: sse2x1   gen() 13634 MB/s
[    5.426568] raid6: sse2x1   xor() 10382 MB/s
[    5.476053] raid6: sse2x2   gen() 18114 MB/s
[    5.525646] raid6: sse2x2   xor() 11453 MB/s
[    5.572047] raid6: sse2x4   gen() 18938 MB/s
[    5.625603] raid6: sse2x4   xor() 13116 MB/s
[    5.672213] raid6: avx2x1   gen() 26908 MB/s
[    5.720013] raid6: avx2x1   xor() 18358 MB/s
[    5.768131] raid6: avx2x2   gen() 33486 MB/s
[    5.816028] raid6: avx2x2   xor() 20438 MB/s
[    5.864335] raid6: avx2x4   gen() 37236 MB/s
[    5.912455] raid6: avx2x4   xor() 22014 MB/s
[    5.913702] raid6: using algorithm avx2x4 gen() 37236 MB/s
[    5.914710] raid6: .... xor() 22014 MB/s, rmw enabled
[    5.915679] raid6: using avx2x2 recovery algorithm
[    5.917468] xor: automatically using best checksumming function   avx       
[    5.919742] async_tx: api initialized (async)
done.
Begin: Running /scripts/init-premount ... done.
Begin: Mounting root file system ... Begin: Running /scripts/local-top ... done.
Begin: Running /scripts/local-premount ... [    5.954460] Btrfs loaded, crc32c=crc32c-intel
Scanning for Btrfs filesystems
done.
Warning: fsck not present, so skipping root file system
[    5.971261] EXT4-fs (sda1): mounted filesystem with ordered data mode. Opts: (null)
done.
Begin: Running /scripts/local-bottom ... done.
Begin: Running /scripts/init-bottom ... done.
[    6.067497] ip_tables: (C) 2000-2006 Netfilter Core Team
[    6.072309] systemd[1]: systemd 237 running in system mode. (+PAM +AUDIT +SELINUX +IMA +APPARMOR +SMACK +SYSVINIT +UTMP +LIBCRYPTSETUP +GCRYPT +GNUTLS +ACL +XZ +LZ4 +SECCOMP +BLKID +ELFUTILS +KMOD -IDN2 +IDN -PCRE2 default-hierarchy=hybrid)
[    6.076136] systemd[1]: Detected virtualization oracle.
[    6.077407] systemd[1]: Detected architecture x86-64.

Welcome to [1mUbuntu 18.04.2 LTS[0m!

[    6.084390] systemd[1]: Set hostname to <ubuntu>.
[    6.088564] systemd[1]: Initializing machine ID from random generator.
[    6.089795] systemd[1]: Installed transient /etc/machine-id file.
[    6.215638] systemd[1]: Reached target User and Group Name Lookups.
[[0;32m  OK  [0m] Reached target User and Group Name Lookups.
[    6.220248] systemd[1]: Created slice User and Session Slice.
[[0;32m  OK  [0m] Created slice User and Session Slice.
[    6.222245] systemd[1]: Reached target Swap.
[[0;32m  OK  [0m] Reached target Swap.
[    6.223750] systemd[1]: Reached target System Time Synchronized.
[[0;32m  OK  [0m] Reached target System Time Synchronized.
[[0;32m  OK  [0m] Started Forward Password Requests to Wall Directory Watch.
[[0;32m  OK  [0m] Created slice System Slice.
[[0;32m  OK  [0m] Listening on LVM2 poll daemon socket.
[[0;32m  OK  [0m] Listening on Device-mapper event daemon FIFOs.
[[0;32m  OK  [0m] Listening on Syslog Socket.
[[0;32m  OK  [0m] Created slice system-serial\x2dgetty.slice.
[[0;32m  OK  [0m] Listening on LVM2 metadata daemon socket.
[[0;32m  OK  [0m] Listening on Journal Audit Socket.
[[0;32m  OK  [0m] Listening on Journal Socket.
         Starting Create list of required st…ce nodes for the current kernel...
         Mounting POSIX Message Queue File System...
         Mounting Kernel Debug File System...
         Starting Uncomplicated firewall...
         Starting Load Kernel Modules...
         Starting Set the console keyboard layout...
[    6.344753] Loading iSCSI transport class v2.0-870.
[    6.350707] iscsi: registered transport (tcp)
         Starting Remount Root and Kernel File Systems...
         Mounting Huge Pages File System...
[[0;32m  OK  [0m] Listening on /dev/initctl Compatibility Named Pipe.
[[0;32m  OK  [0m] Set up automount Arbitrary Executab…rmats File System Automount Point.
[    6.366749] iscsi: registered transport (iser)
[[0;32m  OK  [0m] Listening on udev Control Socket.
[[0;32m  OK  [0m] Listening on Network Service Netlink Socket.
[[0;32m  OK  [0m] Listening on Journal Socket (/dev/log).
[    6.405021] EXT4-fs (sda1): re-mounted. Opts: (null)
         Starting Journal Service...
         Starting Monitoring of LVM2 mirrors…ng dmeventd or progress polling...
[[0;32m  OK  [0m] Listening on udev Kernel Socket.
         Starting udev Coldplug all Devices...
[[0;32m  OK  [0m] Reached target Slices.
[[0;32m  OK  [0m] Started Create list of required sta…vice nodes for the current kernel.
[[0;32m  OK  [0m] Mounted POSIX Message Queue File System.
[[0;32m  OK  [0m] Started Journal Service.
[[0;32m  OK  [0m] Mounted Kernel Debug File System.
[[0;32m  OK  [0m] Started Uncomplicated firewall.
[[0;32m  OK  [0m] Started Load Kernel Modules.
[[0;32m  OK  [0m] Started Remount Root and Kernel File Systems.
[[0;32m  OK  [0m] Mounted Huge Pages File System.
[[0;32m  OK  [0m] Started LVM2 metadata daemon.
         Starting Load/Save Random Seed...
         Mounting Kernel Configuration File System...
         Starting Apply Kernel Variables...
         Mounting FUSE Control File System...
         Starting Flush Journal to Persistent Storage...
         Starting Create Static Device Nodes in /dev...
[[0;32m  OK  [0m] Started Load/Save Random Seed.
[[0;32m  OK  [0m] Started udev Coldplug all Devices.
[[0;32m  OK  [0m] Mounted Kernel Configuration File System.
[[0;32m  OK  [0m] Mounted FUSE Control File System.
[[0;32m  OK  [0m] Started Create Static Device Nodes in /dev.
         Starting udev Kernel Device Manager...
[[0;32m  OK  [0m] Started Monitoring of LVM2 mirrors,…sing dmeventd or progress polling.
[[0;32m  OK  [0m] Started Apply Kernel Variables.
[[0;32m  OK  [0m] Started udev Kernel Device Manager.
[[0;32m  OK  [0m] Started Flush Journal to Persistent Storage.
[[0;32m  OK  [0m] Found device /dev/ttyS0.
[[0;32m  OK  [0m] Listening on Load/Save RF Kill Switch Status /dev/rfkill Watch.
[[0;32m  OK  [0m] Started Set the console keyboard layout.
[[0;32m  OK  [0m] Started Dispatch Password Requests to Console Directory Watch.
[[0;32m  OK  [0m] Reached target Local Encrypted Volumes.
[[0;32m  OK  [0m] Reached target Local File Systems (Pre).
[[0;32m  OK  [0m] Reached target Local File Systems.
         Starting AppArmor initialization...
         Starting Create Volatile Files and Directories...
         Starting Commit a transient machine-id on disk...
         Starting Tell Plymouth To Write Out Runtime Data...
         Starting ebtables ruleset management...
         Starting Set console font and keymap...
[[0;32m  OK  [0m] Started Tell Plymouth To Write Out Runtime Data.
[[0;32m  OK  [0m] Started Set console font and keymap.
[[0;32m  OK  [0m] Started Create Volatile Files and Directories.
         Starting Update UTMP about System Boot/Shutdown...
[[0;32m  OK  [0m] Started Update UTMP about System Boot/Shutdown.
[[0;32m  OK  [0m] Started ebtables ruleset management.
[[0;32m  OK  [0m] Started Commit a transient machine-id on disk.
[[0;32m  OK  [0m] Started AppArmor initialization.
         Starting Initial cloud-init job (pre-networking)...
[    8.376388] cloud-init[660]: Cloud-init v. 19.1-1-gbaa47854-0ubuntu1~18.04.1 running 'init-local' at Tue, 24 Sep 2019 19:01:51 +0000. Up 8.11 seconds.
[[0;32m  OK  [0m] Started Initial cloud-init job (pre-networking).
[[0;32m  OK  [0m] Reached target Network (Pre).
         Starting Network Service...
[[0;32m  OK  [0m] Started Network Service.
         Starting Wait for Network to be Configured...
         Starting Network Name Resolution...
[[0;32m  OK  [0m] Started Network Name Resolution.
[[0;32m  OK  [0m] Reached target Network.
[[0;32m  OK  [0m] Reached target Host and Network Name Lookups.
[[0;32m  OK  [0m] Started Wait for Network to be Configured.
         Starting Initial cloud-init job (metadata service crawler)...
[   10.738182] cloud-init[767]: Cloud-init v. 19.1-1-gbaa47854-0ubuntu1~18.04.1 running 'init' at Tue, 24 Sep 2019 19:01:53 +0000. Up 10.63 seconds.
[   10.739325] cloud-init[767]: ci-info: ++++++++++++++++++++++++++++++++++++++Net device info++++++++++++++++++++++++++++++++++++++
[   10.740526] cloud-init[767]: ci-info: +--------+------+----------------------------+---------------+--------+-------------------+
[   10.752230] cloud-init[767]: ci-info: | Device |  Up  |          Address           |      Mask     | Scope  |     Hw-Address    |
[   10.753094] cloud-init[767]: ci-info: +--------+------+----------------------------+---------------+--------+-------------------+
[   10.754249] cloud-init[767]: ci-info: | enp0s3 | True |         10.0.2.15          | 255.255.255.0 | global | 02:a1:18:c3:c8:11 |
[   10.756160] cloud-init[767]: ci-info: | enp0s3 | True | fe80::a1:18ff:fec3:c811/64 |       .       |  link  | 02:a1:18:c3:c8:11 |
[   10.757793] cloud-init[767]: ci-info: |   lo   | True |         127.0.0.1          |   255.0.0.0   |  host  |         .         |
[   10.759321] cloud-init[767]: ci-info: |   lo   | True |          ::1/128           |       .       |  host  |         .         |
[   10.761154] cloud-init[767]: ci-info: +--------+------+----------------------------+---------------+--------+-------------------+
[   10.762944] cloud-init[767]: ci-info: ++++++++++++++++++++++++++++Route IPv4 info+++++++++++++++++++++++++++++
[   10.764480] cloud-init[767]: ci-info: +-------+-------------+----------+-----------------+-----------+-------+
[   10.766097] cloud-init[767]: ci-info: | Route | Destination | Gateway  |     Genmask     | Interface | Flags |
[   10.767443] cloud-init[767]: ci-info: +-------+-------------+----------+-----------------+-----------+-------+
[   10.769077] cloud-init[767]: ci-info: |   0   |   0.0.0.0   | 10.0.2.2 |     0.0.0.0     |   enp0s3  |   UG  |
[   10.770634] cloud-init[767]: ci-info: |   1   |   10.0.2.0  | 0.0.0.0  |  255.255.255.0  |   enp0s3  |   U   |
[   10.772195] cloud-init[767]: ci-info: |   2   |   10.0.2.2  | 0.0.0.0  | 255.255.255.255 |   enp0s3  |   UH  |
[   10.773461] cloud-init[767]: ci-info: +-------+-------------+----------+-----------------+-----------+-------+
[   10.784175] cloud-init[767]: ci-info: +++++++++++++++++++Route IPv6 info+++++++++++++++++++
[   10.796322] cloud-init[767]: ci-info: +-------+-------------+---------+-----------+-------+
[   10.808227] cloud-init[767]: ci-info: | Route | Destination | Gateway | Interface | Flags |
[   10.820157] cloud-init[767]: ci-info: +-------+-------------+---------+-----------+-------+
[   10.820772] cloud-init[767]: ci-info: |   1   |  fe80::/64  |    ::   |   enp0s3  |   U   |
[   10.832265] cloud-init[767]: ci-info: |   3   |    local    |    ::   |   enp0s3  |   U   |
[   10.844225] cloud-init[767]: ci-info: |   4   |   ff00::/8  |    ::   |   enp0s3  |   U   |
[   10.845320] cloud-init[767]: ci-info: +-------+-------------+---------+-----------+-------+
[   11.641133] cloud-init[767]: Generating public/private rsa key pair.
[   11.652274] cloud-init[767]: Your identification has been saved in /etc/ssh/ssh_host_rsa_key.
[   11.664230] cloud-init[767]: Your public key has been saved in /etc/ssh/ssh_host_rsa_key.pub.
[   11.676225] cloud-init[767]: The key fingerprint is:
[[0;32m  OK  [0m] Started Initial cloud-init job (metadata service crawler).
[   11.689417] cloud-init[767]: SHA256:pBRQqe0xbk32gqUKkId5gQ1zQJBIdWlxQDNU0t/lIGg root@ubuntu-bionic
[[0;32m  OK  [0m] Reached target Network is Online.
[   11.701481] cloud-init[767]: The key's randomart image is:
         Starting Availability of block devices...
[   11.726417] [[0;32m  OK  [0m] Reached target Remote File Systems (Pre).
cloud-init[767]: +---[RSA 2048]----+[
[0;32m  OK  [0m] Reached target Remote File Systems.
[   11.728510] [[0;32m  OK  [0m] Reached target Cloud-config availability.
cloud-init[[767]: [0;32m  OK  [0m|XOo.+%O+.        |] 
Reached target System Initialization.
[   11.730594] [[0;32m  OK  [0m] Started Daily Cleanup of Temporary Directories.
[[0;32m  OK  [0m] Listening on D-Bus System Message Bus Socket.
cloud-init[767]: |+oo .o*E . . .   |
[   11.732804]          Starting LXD - unix socket.
cloud-init[767]: | + ..oo o o +    |
[[0;32m  OK  [0m] Listening on UUID daemon activation socket.
         Starting Socket activation for snappy daemon.
[[0;32m  OK  [0m] Listening on ACPID Listen Socket.
[[0;32m  OK  [0m] Started Message of the Day.
[[0;32m  OK  [0m] Listening on Open-iSCSI iscsid Socket.
[   11.733749] cloud-init[[0;32m  OK  [0m] Started ACPI Events Check.
[[0;32m  OK  [0m] Reached target Paths.
[767]: |= o ..+o+. . .   |
[[0;32m  OK  [0m] Started Daily apt download activities.
[   11.749041] [[0;32m  OK  [0m] Started Daily apt upgrade and clean activities.
cloud-init[767]: | +   o.XS.       |
[[0;32m  OK  [0m] Started Discard unused blocks once a week.
[[0;32m  OK  [0m] Reached target Timers.
[   11.773303] cloud-init[767]: |  .   * o .      |
[[0;32m  OK  [0m] Started Availability of block devices.
[[0;32m  OK  [0m] Listening on LXD - unix socket.
[   11.786553] cloud-init[767]: |   . o   .       |
[   11.788579] [[0;32m  OK  [0m] Listening on Socket activation for snappy daemon.
[[0;32m  OK  [0m] Reached target Sockets.cloud-init
[767]: |    .            |
[   11.800529] cloud-init[767]: [|                 |[0;32m  OK  [0m
] Reached target Basic System.
         Starting Pollinate to seed the pseudo random number generator...
         Starting System Logging Service...
         Starting Login Service...
[   11.812821] cloud-init[767]: +----[SHA256]-----+
[   11.829897] cloud-init[767]: Generating public/private dsa key pair.
[   11.831450] cloud-init[767]: Your identification has been saved in /etc/ssh/ssh_host_dsa_key.
[   11.833516] cloud-init[767]: Your public key has been saved in /etc/ssh/ssh_host_dsa_key.pub.
[   11.836876] cloud-init[767]: The key fingerprint is:
[   11.838138] cloud-init[767]: SHA256:pMN3xnn84Zknl0q/4TY8VGOeTunwFLuBP4z2YgwhmEo root@ubuntu-bionic
[   11.840499] cloud-init[767]: The key's randomart image is:
[   11.846354] cloud-init[767]: +---[DSA 1024]----+
[   11.847564] cloud-init[767]: |                 |
[   11.849459] cloud-init[767]: [[0;32m  OK  [0m] Started Regular background program processing daemon.
         Starting Virtualbox guest utils...
[[0;32m  OK  [0m] Started D-Bus System Message Bus.
|                 |
[   11.862680] cloud-init[767]: |        +        |
[   11.864359] cloud-init[767]: |     E = o +   +.|
[   11.867041] cloud-init[767]: |    . = S * + = B|
[   11.867934] cloud-init[767]: |     . o o o = &.|
[   11.868896] cloud-init[767]: |            o.^o=|
[   11.871372] cloud-init[767]: |            .*+^.|
[   11.872559] cloud-init[767]: |            o.+==|
[   11.873477] cloud-init[767]: +----[SHA256]-----+
[   11.874634] cloud-init[767]: Generating public/private ecdsa key pair.
[   11.876233] cloud-init[767]: Your identification has been saved in /etc/ssh/ssh_host_ecdsa_key.
[   11.877867] cloud-init[767]: Your public key has been saved in /etc/ssh/ssh_host_ecdsa_key.pub.
[   11.879335] cloud-init[767]: The key fingerprint is:
[   11.880851] cloud-init[767]: SHA256:xWPyllWxzqZlOvk213oElUz+VxctvOle8jnfyl0hO5E root@ubuntu-bionic
[   11.896341] cloud-init[767]: The key's randomart image is:
[   11.897429] cloud-init[767]: +---[ECDSA 256]---+
[   11.898248] cloud-init[767]: |             .=+o|
[   11.899239] cloud-init[767]: |         .   .+++|
[   11.900300] cloud-init[767]: |        . = . .*o|
[[   11.912191] [0;32m  OK  [0mcloud-init] [767]: Started Deferred execution scheduler.|         = + o= +|

         [   11.924625] cloud-init[767]: |        S +  E*oo|
[   11.924842] cloud-init[767]: |         .   B* =|
[   11.925827] cloud-init[767]: |            =+ =+|
[   11.926632] cloud-init[767]: |             +=+B|
[   11.927363] cloud-init[767]: |             .=**|
[   11.928356] cloud-init[767]: +----[SHA256]-----+
[   11.929068] cloud-init[767]: Generating public/private ed25519 key pair.
[   11.929783] cloud-init[767]: Your identification has been saved in /etc/ssh/ssh_host_ed25519_key.
[   11.930782] cloud-init[767]: Your public key has been saved in /etc/ssh/ssh_host_ed25519_key.pub.
[   11.931498] cloud-init[767]: The key fingerprint is:
[   11.932730] cloud-init[767]: SHA256:x4xVfHTBpxDEoqmHYsK6XJS9xCeuG4tJMwP1iXN842I root@ubuntu-bionic
[   11.933384] cloud-init[767]: The key's randomart image is:
[   11.934037] cloud-init[767]: +--[ED25519 256]--+
[   11.935486] cloud-init[767]: |           ++oo.o|
[   11.936409] cloud-init[767]: |          ..+ .o.|
[   11.937002] cloud-init[767]: |  .      o.. o ..|
[   11.937600] cloud-init[767]: | . ++.  o=    .  |
[   11.938200] cloud-init[767]: |..oo==o+S +      |
[   11.938845] cloud-init[767]: |. +o=o*...       |
[   11.939668] cloud-init[767]: | * =E+..         |
[   11.939726] cloud-init[767]: |+ B.+.           |
[   11.940663] cloud-init[767]: |.= +.            |
[   11.941135] cloud-init[767]: +----[SHA256]-----+
Starting LSB: automatic crash report generation...
[[0;32m  OK  [0m] Started FUSE filesystem for LXC.
         Starting Dispatcher daemon for systemd-networkd...
         Starting Snappy daemon...
         Starting Accounts Service...
         Starting LSB: Record successful boot for GRUB...
         Starting Permit User Sessions...
[[0;32m  OK  [0m] Started irqbalance daemon.
         Starting LXD - container startup/shutdown...
[[0;32m  OK  [0m] Started System Logging Service.
[[0;32m  OK  [0m] Started Permit User Sessions.
[[0;32m  OK  [0m] Started Login Service.
[[0;32m  OK  [0m] Started Unattended Upgrades Shutdown.
         Starting Hold until boot process finishes up...
         Starting Terminate Plymouth Boot Screen...
[[0;32m  OK  [0m] Started Hold until boot process finishes up.
[[0;32m  OK  [0m] Started Terminate Plymouth Boot Screen.
         Starting Authorization Manager...
         Starting Set console scheme...
[[0;32m  OK  [0m] Started Serial Getty on ttyS0.
[[0;32m  OK  [0m] Started LSB: automatic crash report generation.
[[0;32m  OK  [0m] Started Authorization Manager.
[[0;32m  OK  [0m] Started Accounts Service.
[[0;32m  OK  [0m] Started Set console scheme.
[[0;32m  OK  [0m] Created slice system-getty.slice.
[[0;32m  OK  [0m] Started Getty on tty1.
[[0;32m  OK  [0m] Reached target Login Prompts.
[[0;32m  OK  [0m] Started LXD - container startup/shutdown.
[[0;32m  OK  [0m] Started LSB: Record successful boot for GRUB.
[[0;32m  OK  [0m] Started Virtualbox guest utils.
[[0;32m  OK  [0m] Started Dispatcher daemon for systemd-networkd.
[[0;32m  OK  [0m] Started Snappy daemon.
         Starting Wait until snapd is fully seeded...
[[0;32m  OK  [0m] Started Pollinate to seed the pseudo random number generator.
         Starting OpenBSD Secure Shell server...
[[0;32m  OK  [0m] Started OpenBSD Secure Shell server.
[[0;32m  OK  [0m] Created slice User Slice of vagrant.
         Starting User Manager for UID 1000...
[[0;32m  OK  [0m] Started Session 1 of user vagrant.
[[0;32m  OK  [0m] Started User Manager for UID 1000.
[[0;32m  OK  [0m] Started Wait until snapd is fully seeded.
[[0;32m  OK  [0m] Reached target Multi-User System.
[[0;32m  OK  [0m] Reached target Graphical Interface.
         Starting Update UTMP about System Runlevel Changes...
         Starting Apply the settings specified in cloud-config...
[[0;32m  OK  [0m] Started Update UTMP about System Runlevel Changes.
[   14.329403] cloud-init[1402]: Cloud-init v. 19.1-1-gbaa47854-0ubuntu1~18.04.1 running 'modules:config' at Tue, 24 Sep 2019 19:01:56 +0000. Up 14.02 seconds.
[[0;32m  OK  [0m] Started Apply the settings specified in cloud-config.
         Starting Execute cloud user/final scripts...
ci-info: no authorized ssh keys fingerprints found for user ubuntu.
<14>Sep 24 19:01:57 ec2: 
<14>Sep 24 19:01:57 ec2: #############################################################
<14>Sep 24 19:01:57 ec2: -----BEGIN SSH HOST KEY FINGERPRINTS-----
<14>Sep 24 19:01:57 ec2: 1024 SHA256:pMN3xnn84Zknl0q/4TY8VGOeTunwFLuBP4z2YgwhmEo root@ubuntu-bionic (DSA)
<14>Sep 24 19:01:57 ec2: 256 SHA256:xWPyllWxzqZlOvk213oElUz+VxctvOle8jnfyl0hO5E root@ubuntu-bionic (ECDSA)
<14>Sep 24 19:01:57 ec2: 256 SHA256:x4xVfHTBpxDEoqmHYsK6XJS9xCeuG4tJMwP1iXN842I root@ubuntu-bionic (ED25519)
<14>Sep 24 19:01:57 ec2: 2048 SHA256:pBRQqe0xbk32gqUKkId5gQ1zQJBIdWlxQDNU0t/lIGg root@ubuntu-bionic (RSA)
<14>Sep 24 19:01:57 ec2: -----END SSH HOST KEY FINGERPRINTS-----
<14>Sep 24 19:01:57 ec2: #############################################################
-----BEGIN SSH HOST KEY KEYS-----
ecdsa-sha2-nistp256 AAAAE2VjZHNhLXNoYTItbmlzdHAyNTYAAAAIbmlzdHAyNTYAAABBBOn4HG8MH7huP7q/GdEUNZzRU+Rq+m1HjZkyiR7LymrKkJ4sjbnz31gpUZWl0yUy4fohNKsstwgnCvd+AtUURvc= root@ubuntu-bionic
ssh-ed25519 AAAAC3NzaC1lZDI1NTE5AAAAIBp/TRTUz2uDWYCQCnHRcbFvenZIdq1vNLWoiccqgWPR root@ubuntu-bionic
ssh-rsa AAAAB3NzaC1yc2EAAAADAQABAAABAQDnfhyBEFg2zNID3RP08+LST8pv5jvomVCfZJvMq4DoCTnW+o3HsdNz6pRXV5x1IjrVNRdO1LtDi+zjgnbwfN+C9nH/3mLz79c7B9SZZxu5Tps5TJOU+iJcCSPTF6cdpABHmSvmZmZBJdZ6ujO8PkEHr1u2tFxeL6gm6PByRPQqoRDCMPFK+I4xFYhx6JtQsCNlT1l3FK5U99QVZnFG3H/KzkahKG2EYacF7wptmgBS3yDrI4je0rnAGcUefqEDXkCfg+9aK6ymQOaZm85VQ1RP0FMvx63F3oNjIeFt1EOYH8Ncky475YA5f0Zn8q7plPf44o9iO/YEOlc+2wBfK8WX root@ubuntu-bionic
-----END SSH HOST KEY KEYS-----
[   14.793790] cloud-init[1523]: Cloud-init v. 19.1-1-gbaa47854-0ubuntu1~18.04.1 running 'modules:final' at Tue, 24 Sep 2019 19:01:57 +0000. Up 14.67 seconds.
[   14.794780] cloud-init[1523]: ci-info: no authorized ssh keys fingerprints found for user ubuntu.
[   14.804700] cloud-init[1523]: Cloud-init v. 19.1-1-gbaa47854-0ubuntu1~18.04.1 finished at Tue, 24 Sep 2019 19:01:57 +0000. Datasource DataSourceNoCloud [seed=/dev/sdb][dsmode=net].  Up 14.78 seconds
[[0;32m  OK  [0m] Started Execute cloud user/final scripts.
[[0;32m  OK  [0m] Reached target Cloud-init target.

Ubuntu 18.04.2 LTS ubuntu-bionic ttyS0

ubuntu-bionic login: 